;  LST file generated by mikroListExporter - v.2.0 
; Date/Time: 03/05/2019 12:04:54
;----------------------------------------------

;Address Opcode 	ASM
0x0000	0xF000EF3B  	GOTO        118
0x0004	0x0000      	NOP
0x0006	0x0000      	NOP
0x0008	0xF000EF00  	GOTO        0
0x000C	0x0000      	NOP
0x000E	0x0000      	NOP
0x0010	0x0000      	NOP
0x0012	0x0000      	NOP
0x0014	0x0000      	NOP
0x0016	0x0000      	NOP
0x0018	0xD7F3      	BRA         0
_SPI1_Write:
;__Lib_SPI_c345.c,78 :: 		
;__Lib_SPI_c345.c,81 :: 		
0x001C	0xFFC9C01F  	MOVFF       FARG_SPI1_Write_data_, SSPBUF
;__Lib_SPI_c345.c,82 :: 		
L_SPI1_Write8:
0x0020	0xB0C7      	BTFSC       SSPSTAT, 0 
0x0022	0xD002      	BRA         L_SPI1_Write9
;__Lib_SPI_c345.c,83 :: 		
0x0024	0x0000      	NOP
0x0026	0xD7FC      	BRA         L_SPI1_Write8
L_SPI1_Write9:
;__Lib_SPI_c345.c,84 :: 		
0x0028	0xF000CFC9  	MOVFF       SSPBUF, R0
;__Lib_SPI_c345.c,86 :: 		
L_end_SPI1_Write:
0x002C	0x0012      	RETURN      0
; end of _SPI1_Write
_convertir:
;p10b.c,3 :: 		void convertir(){
;p10b.c,4 :: 		PORTC.B0=0;     //CS a 0 para establecer comunicacion
0x002E	0x9082      	BCF         PORTC, 0 
;p10b.c,5 :: 		SPI1_WRITE(valor>>8);        //Primero el byte alto (Big Endian), se desplaza 8pos a la der. para obtener el byte alto
0x0030	0xF000C01E  	MOVFF       _valor+1, R0
0x0034	0x6A01      	CLRF        R1 
0x0036	0xF01FC000  	MOVFF       R0, FARG_SPI1_Write_data_
0x003A	0xDFF0      	RCALL       _SPI1_Write
;p10b.c,6 :: 		SPI1_WRITE(valor);        //y luego el byte bajo
0x003C	0xF01FC01D  	MOVFF       _valor, FARG_SPI1_Write_data_
0x0040	0xDFED      	RCALL       _SPI1_Write
;p10b.c,7 :: 		PORTC.B0=1;     //Fin comunicacion, CS a 1
0x0042	0x8082      	BSF         PORTC, 0 
;p10b.c,8 :: 		}
L_end_convertir:
0x0044	0x0012      	RETURN      0
; end of _convertir
_SPI1_Init:
;__Lib_SPI_c345.c,23 :: 		
;__Lib_SPI_c345.c,24 :: 		
0x0046	0x0EFF      	MOVLW       _SPI1_Read
0x0048	0x6E15      	MOVWF       _SPI_Rd_Ptr 
0x004A	0x0EFF      	MOVLW       hi_addr(_SPI1_Read)
0x004C	0x6E16      	MOVWF       _SPI_Rd_Ptr+1 
0x004E	0x0EFF      	MOVLW       FARG_SPI1_Read_buffer
0x0050	0x6E17      	MOVWF       _SPI_Rd_Ptr+2 
0x0052	0x0EFF      	MOVLW       hi_addr(FARG_SPI1_Read_buffer)
0x0054	0x6E18      	MOVWF       _SPI_Rd_Ptr+3 
;__Lib_SPI_c345.c,25 :: 		
0x0056	0x0E1C      	MOVLW       _SPI1_Write
0x0058	0x6E19      	MOVWF       _SPI_Wr_Ptr 
0x005A	0x0E00      	MOVLW       hi_addr(_SPI1_Write)
0x005C	0x6E1A      	MOVWF       _SPI_Wr_Ptr+1 
0x005E	0x0E1F      	MOVLW       FARG_SPI1_Write_data_
0x0060	0x6E1B      	MOVWF       _SPI_Wr_Ptr+2 
0x0062	0x0E00      	MOVLW       hi_addr(FARG_SPI1_Write_data_)
0x0064	0x6E1C      	MOVWF       _SPI_Wr_Ptr+3 
;__Lib_SPI_c345.c,27 :: 		
0x0066	0x9A94      	BCF         TRISC5_bit, BitPos(TRISC5_bit+0) 
;__Lib_SPI_c345.c,28 :: 		
0x0068	0x9694      	BCF         TRISC3_bit, BitPos(TRISC3_bit+0) 
;__Lib_SPI_c345.c,29 :: 		
0x006A	0x8894      	BSF         TRISC4_bit, BitPos(TRISC4_bit+0) 
;__Lib_SPI_c345.c,31 :: 		
0x006C	0x6AC6      	CLRF        SSPCON1 
;__Lib_SPI_c345.c,32 :: 		
0x006E	0x0E40      	MOVLW       64
0x0070	0x6EC7      	MOVWF       SSPSTAT 
;__Lib_SPI_c345.c,33 :: 		
0x0072	0x8AC6      	BSF         SSPCON1, 5 
;__Lib_SPI_c345.c,35 :: 		
L_end_SPI1_Init:
0x0074	0x0012      	RETURN      0
; end of _SPI1_Init
_main:
;p10b.c,10 :: 		void main() {
;p10b.c,11 :: 		TRISC=0;
0x0076	0x6A94      	CLRF        TRISC 
;p10b.c,12 :: 		PORTC.B0=1;      //PORTC.B0 conectado al terminal CS del convertidor D/A, Cs a 1, sin comunicacion
0x0078	0x8082      	BSF         PORTC, 0 
;p10b.c,13 :: 		SPI1_Init();     //Iniciamos convertidor D/A
0x007A	0xDFE5      	RCALL       _SPI1_Init
;p10b.c,15 :: 		while(1){
L_main0:
;p10b.c,16 :: 		for(valor=0x3000; valor<0x3FFF; valor++){       //Tendiendo al valor alto
0x007C	0x0E00      	MOVLW       0
0x007E	0x6E1D      	MOVWF       _valor 
0x0080	0x0E30      	MOVLW       48
0x0082	0x6E1E      	MOVWF       _valor+1 
L_main2:
0x0084	0x0E3F      	MOVLW       63
0x0086	0x5C1E      	SUBWF       _valor+1, 0 
0x0088	0xE102      	BNZ         L__main12
0x008A	0x0EFF      	MOVLW       255
0x008C	0x5C1D      	SUBWF       _valor, 0 
L__main12:
0x008E	0xE209      	BC          L_main3
;p10b.c,17 :: 		convertir();
0x0090	0xDFCE      	RCALL       _convertir
;p10b.c,18 :: 		delay_us(10);
0x0092	0x0E06      	MOVLW       6
0x0094	0x6E0D      	MOVWF       R13, 0
L_main5:
0x0096	0x2E0D      	DECFSZ      R13, 1, 0
0x0098	0xD7FE      	BRA         L_main5
0x009A	0x0000      	NOP
;p10b.c,16 :: 		for(valor=0x3000; valor<0x3FFF; valor++){       //Tendiendo al valor alto
0x009C	0x4A1D      	INFSNZ      _valor, 1 
0x009E	0x2A1E      	INCF        _valor+1, 1 
;p10b.c,19 :: 		}
0x00A0	0xD7F1      	BRA         L_main2
L_main3:
;p10b.c,20 :: 		for(valor=0x3FFF; valor>0x3000; valor--){       //Tendiendo al valor bajo
0x00A2	0x0EFF      	MOVLW       255
0x00A4	0x6E1D      	MOVWF       _valor 
0x00A6	0x0E3F      	MOVLW       63
0x00A8	0x6E1E      	MOVWF       _valor+1 
L_main6:
0x00AA	0x501E      	MOVF        _valor+1, 0 
0x00AC	0x0830      	SUBLW       48
0x00AE	0xE102      	BNZ         L__main13
0x00B0	0x501D      	MOVF        _valor, 0 
0x00B2	0x0800      	SUBLW       0
L__main13:
0x00B4	0xE20B      	BC          L_main7
;p10b.c,21 :: 		convertir();
0x00B6	0xDFBB      	RCALL       _convertir
;p10b.c,22 :: 		delay_us(10);
0x00B8	0x0E06      	MOVLW       6
0x00BA	0x6E0D      	MOVWF       R13, 0
L_main9:
0x00BC	0x2E0D      	DECFSZ      R13, 1, 0
0x00BE	0xD7FE      	BRA         L_main9
0x00C0	0x0000      	NOP
;p10b.c,20 :: 		for(valor=0x3FFF; valor>0x3000; valor--){       //Tendiendo al valor bajo
0x00C2	0x0E01      	MOVLW       1
0x00C4	0x5E1D      	SUBWF       _valor, 1 
0x00C6	0x0E00      	MOVLW       0
0x00C8	0x5A1E      	SUBWFB      _valor+1, 1 
;p10b.c,23 :: 		}
0x00CA	0xD7EF      	BRA         L_main6
L_main7:
;p10b.c,25 :: 		}
0x00CC	0xD7D7      	BRA         L_main0
;p10b.c,26 :: 		}
L_end_main:
0x00CE	0xD7FF      	BRA         $+0
; end of _main
Symbol List:
//** Routines locations **
//ADDRESS    SIZE    PROCEDURE
//----------------------------------------------
0x001C      [18]    _SPI1_Write
0x002E      [24]    _convertir
0x0046      [48]    _SPI1_Init
0x0076      [90]    _main
//** Variables locations ** 
//ADDRESS    SIZE    VARIABLE
//----------------------------------------------
0x0000       [1]    SPI1_Write_tmp_L0
0x0000       [1]    R0
0x0001       [1]    R1
0x0002       [1]    R2
0x0003       [1]    R3
0x0004       [1]    R4
0x0005       [1]    R5
0x0006       [1]    R6
0x0007       [1]    R7
0x0008       [1]    R8
0x0009       [1]    R9
0x000A       [1]    R10
0x000B       [1]    R11
0x000C       [1]    R12
0x000D       [1]    R13
0x000E       [1]    R14
0x000F       [1]    R15
0x0010       [1]    R16
0x0011       [1]    R17
0x0012       [1]    R18
0x0013       [1]    R19
0x0014       [1]    R20
0x0015       [4]    _SPI_Rd_Ptr
0x0019       [4]    _SPI_Wr_Ptr
0x001D       [2]    _valor
0x001F       [1]    FARG_SPI1_Write_data_
0x0F82       [1]    PORTC
0x0F94       [0]    TRISC4_bit
0x0F94       [0]    TRISC3_bit
0x0F94       [1]    TRISC
0x0F94       [0]    TRISC5_bit
0x0FC6       [1]    SSPCON1
0x0FC7       [1]    SSPSTAT
0x0FC9       [1]    SSPBUF
0x0FD8       [1]    STATUS
0x0FD9       [1]    FSR2L
0x0FDA       [1]    FSR2H
0x0FDE       [1]    POSTINC2
0x0FE0       [1]    BSR
0x0FE1       [1]    FSR1L
0x0FE2       [1]    FSR1H
0x0FE4       [1]    PREINC1
0x0FE6       [1]    POSTINC1
0x0FE7       [1]    INDF1
0x0FE8       [1]    WREG
0x0FE9       [1]    FSR0L
0x0FEA       [1]    FSR0H
0x0FEE       [1]    POSTINC0
0x0FF3       [1]    PRODL
0x0FF4       [1]    PRODH
0x0FF5       [1]    TABLAT
0x0FF6       [1]    TBLPTRL
0x0FF7       [1]    TBLPTRH
0x0FF8       [1]    TBLPTRU
