;  LST file generated by mikroListExporter - v.2.0 
; Date/Time: 01/02/2019 12:30:36
;----------------------------------------------

;Address Opcode 	ASM
0x0000	0xF000EF0E  	GOTO        28
0x0004	0x0000      	NOP
0x0006	0x0000      	NOP
0x0008	0xF000EF00  	GOTO        0
0x000C	0x0000      	NOP
0x000E	0x0000      	NOP
0x0010	0x0000      	NOP
0x0012	0x0000      	NOP
0x0014	0x0000      	NOP
0x0016	0x0000      	NOP
0x0018	0xD7F3      	BRA         0
_main:
;p1c.c,1 :: 		void main() {
;p1c.c,3 :: 		char array[]={0x81,0x42,0x24,0x18,0x18,0x24,0x42,0x81};
0x001C	0x0E81      	MOVLW       129
0x001E	0x6E15      	MOVWF       main_array_L0 
0x0020	0x0E42      	MOVLW       66
0x0022	0x6E16      	MOVWF       main_array_L0+1 
0x0024	0x0E24      	MOVLW       36
0x0026	0x6E17      	MOVWF       main_array_L0+2 
0x0028	0x0E18      	MOVLW       24
0x002A	0x6E18      	MOVWF       main_array_L0+3 
0x002C	0x0E18      	MOVLW       24
0x002E	0x6E19      	MOVWF       main_array_L0+4 
0x0030	0x0E24      	MOVLW       36
0x0032	0x6E1A      	MOVWF       main_array_L0+5 
0x0034	0x0E42      	MOVLW       66
0x0036	0x6E1B      	MOVWF       main_array_L0+6 
0x0038	0x0E81      	MOVLW       129
0x003A	0x6E1C      	MOVWF       main_array_L0+7 
;p1c.c,4 :: 		ADCON1 = 0x07;
0x003C	0x0E07      	MOVLW       7
0x003E	0x6EC1      	MOVWF       ADCON1 
;p1c.c,5 :: 		TRISC = 0x00;
0x0040	0x6A94      	CLRF        TRISC 
;p1c.c,7 :: 		while(1){
L_main0:
;p1c.c,8 :: 		for(i=0;i<8;i++){
0x0042	0x6A01      	CLRF        R1 
L_main2:
0x0044	0x0E08      	MOVLW       8
0x0046	0x5C01      	SUBWF       R1, 0 
0x0048	0xE22F      	BC          L_main3
;p1c.c,9 :: 		PORTC=array[i];        //enciende led
0x004A	0x0E15      	MOVLW       main_array_L0
0x004C	0x6EE9      	MOVWF       FSR0L 
0x004E	0x0E00      	MOVLW       hi_addr(main_array_L0)
0x0050	0x6EEA      	MOVWF       FSR0H 
0x0052	0x5001      	MOVF        R1, 0 
0x0054	0x26E9      	ADDWF       FSR0L, 1 
0x0056	0xB0D8      	BTFSC       STATUS, 0 
0x0058	0x2AEA      	INCF        FSR0H, 1 
0x005A	0xFF82CFEE  	MOVFF       POSTINC0, PORTC
;p1c.c,10 :: 		delay_ms(200);
0x005E	0x0E03      	MOVLW       3
0x0060	0x6E0B      	MOVWF       R11, 0
0x0062	0x0E08      	MOVLW       8
0x0064	0x6E0C      	MOVWF       R12, 0
0x0066	0x0E77      	MOVLW       119
0x0068	0x6E0D      	MOVWF       R13, 0
L_main5:
0x006A	0x2E0D      	DECFSZ      R13, 1, 0
0x006C	0xD7FE      	BRA         L_main5
0x006E	0x2E0C      	DECFSZ      R12, 1, 0
0x0070	0xD7FC      	BRA         L_main5
0x0072	0x2E0B      	DECFSZ      R11, 1, 0
0x0074	0xD7FA      	BRA         L_main5
;p1c.c,11 :: 		PORTC=array[i];        //apaga led
0x0076	0x0E15      	MOVLW       main_array_L0
0x0078	0x6EE9      	MOVWF       FSR0L 
0x007A	0x0E00      	MOVLW       hi_addr(main_array_L0)
0x007C	0x6EEA      	MOVWF       FSR0H 
0x007E	0x5001      	MOVF        R1, 0 
0x0080	0x26E9      	ADDWF       FSR0L, 1 
0x0082	0xB0D8      	BTFSC       STATUS, 0 
0x0084	0x2AEA      	INCF        FSR0H, 1 
0x0086	0xFF82CFEE  	MOVFF       POSTINC0, PORTC
;p1c.c,12 :: 		delay_ms(100);
0x008A	0x0E02      	MOVLW       2
0x008C	0x6E0B      	MOVWF       R11, 0
0x008E	0x0E04      	MOVLW       4
0x0090	0x6E0C      	MOVWF       R12, 0
0x0092	0x0EBA      	MOVLW       186
0x0094	0x6E0D      	MOVWF       R13, 0
L_main6:
0x0096	0x2E0D      	DECFSZ      R13, 1, 0
0x0098	0xD7FE      	BRA         L_main6
0x009A	0x2E0C      	DECFSZ      R12, 1, 0
0x009C	0xD7FC      	BRA         L_main6
0x009E	0x2E0B      	DECFSZ      R11, 1, 0
0x00A0	0xD7FA      	BRA         L_main6
0x00A2	0x0000      	NOP
;p1c.c,8 :: 		for(i=0;i<8;i++){
0x00A4	0x2A01      	INCF        R1, 1 
;p1c.c,13 :: 		}
0x00A6	0xD7CE      	BRA         L_main2
L_main3:
;p1c.c,14 :: 		}
0x00A8	0xD7CC      	BRA         L_main0
;p1c.c,15 :: 		}
L_end_main:
0x00AA	0xD7FF      	BRA         $+0
; end of _main
Symbol List:
//** Routines locations **
//ADDRESS    SIZE    PROCEDURE
//----------------------------------------------
0x001C     [144]    _main
//** Variables locations ** 
//ADDRESS    SIZE    VARIABLE
//----------------------------------------------
0x0000       [1]    R0
0x0001       [1]    main_i_L0
0x0001       [1]    R1
0x0002       [1]    R2
0x0003       [1]    R3
0x0004       [1]    R4
0x0005       [1]    R5
0x0006       [1]    R6
0x0007       [1]    R7
0x0008       [1]    R8
0x0009       [1]    R9
0x000A       [1]    R10
0x000B       [1]    R11
0x000C       [1]    R12
0x000D       [1]    R13
0x000E       [1]    R14
0x000F       [1]    R15
0x0010       [1]    R16
0x0011       [1]    R17
0x0012       [1]    R18
0x0013       [1]    R19
0x0014       [1]    R20
0x0015       [8]    main_array_L0
0x0F82       [1]    PORTC
0x0F94       [1]    TRISC
0x0FC1       [1]    ADCON1
0x0FD8       [1]    STATUS
0x0FD9       [1]    FSR2L
0x0FDA       [1]    FSR2H
0x0FDE       [1]    POSTINC2
0x0FE0       [1]    BSR
0x0FE1       [1]    FSR1L
0x0FE2       [1]    FSR1H
0x0FE4       [1]    PREINC1
0x0FE6       [1]    POSTINC1
0x0FE7       [1]    INDF1
0x0FE8       [1]    WREG
0x0FE9       [1]    FSR0L
0x0FEA       [1]    FSR0H
0x0FEE       [1]    POSTINC0
0x0FF3       [1]    PRODL
0x0FF4       [1]    PRODH
0x0FF5       [1]    TABLAT
0x0FF6       [1]    TBLPTRL
0x0FF7       [1]    TBLPTRH
0x0FF8       [1]    TBLPTRU
